2024-11-13 13:41:25,851 [INFO] Loading YOLOv5 model...
2024-11-13 13:41:28,049 [INFO] YOLOv5 model loaded successfully.
2024-11-13 13:41:51,138 [INFO] Loading YOLOv5 model...
2024-11-13 13:41:53,431 [INFO] YOLOv5 model loaded successfully.
2024-11-13 13:41:53,432 [ERROR] CTI file not found at /path/to/photoneo.cti. Please ensure that the path is correct.
2024-11-13 13:42:05,470 [INFO] Loading YOLOv5 model...
2024-11-13 13:42:07,962 [INFO] YOLOv5 model loaded successfully.
2024-11-13 13:42:07,962 [ERROR] CTI file not found at /path/to/photoneo/API/lib/photoneo.cti. Please ensure that the path is correct.
2024-11-13 13:42:17,540 [INFO] Loading YOLOv5 model...
2024-11-13 13:42:19,684 [INFO] YOLOv5 model loaded successfully.
2024-11-13 13:42:19,685 [ERROR] CTI file not found at /path/to/photoneo.cti. Please ensure that the path is correct.
2024-11-13 13:42:39,097 [INFO] Loading YOLOv5 model...
2024-11-13 13:42:41,353 [INFO] YOLOv5 model loaded successfully.
2024-11-13 13:42:41,353 [ERROR] CTI file not found at /path/to/photoneo.cti. Please ensure that the path is correct.
2024-11-13 13:42:59,544 [INFO] Loading YOLOv5 model...
2024-11-13 13:43:01,859 [INFO] YOLOv5 model loaded successfully.
2024-11-13 13:44:46,782 [INFO] Loading YOLOv5 model...
2024-11-13 13:44:49,043 [INFO] YOLOv5 model loaded successfully.
2024-11-13 13:45:25,539 [INFO] Loading YOLOv5 model...
2024-11-13 13:45:27,807 [INFO] YOLOv5 model loaded successfully.
2024-11-13 13:45:27,807 [ERROR] CTI file not found at API/lib/photoneo.cti. Please ensure that the path is correct.
2024-11-13 13:56:09,583 [INFO] Loading YOLOv5 model...
2024-11-13 13:56:13,229 [INFO] YOLOv5 model loaded successfully.
2024-11-13 14:03:55,058 [INFO] Loading YOLOv5 model...
2024-11-13 14:03:57,544 [INFO] YOLOv5 model loaded successfully.
2024-11-13 14:04:09,651 [INFO] Loading YOLOv5 model...
2024-11-13 14:04:11,803 [INFO] YOLOv5 model loaded successfully.
2024-11-13 14:07:46,000 [INFO] Loading YOLOv5 model...
2024-11-13 14:07:48,814 [INFO] YOLOv5 model loaded successfully.
2024-11-13 14:11:15,016 [INFO] Loading YOLOv5 model...
2024-11-13 14:11:16,996 [INFO] YOLOv5 model loaded successfully.
2024-11-13 14:12:58,834 [INFO] Loading YOLOv5 model...
2024-11-13 14:13:01,038 [INFO] YOLOv5 model loaded successfully.
2024-11-13 14:14:40,760 [INFO] Loading YOLOv5 model...
2024-11-13 14:14:42,630 [INFO] YOLOv5 model loaded successfully.
2024-11-13 14:19:36,071 [INFO] Loading YOLOv5 model...
2024-11-13 14:19:38,350 [INFO] YOLOv5 model loaded successfully.
